examples/01_quiz/QuizActivity/app/build/intermediates/manifest_merge_blame_file/debug/manifest-merger-blame-debug-report.txt
1<?xml version="1.0" encoding="utf-8"?>
2<manifest xmlns:android="http://schemas.android.com/apk/res/android"
3    package="com.example.quizactivity"
4    android:versionCode="1"
5    android:versionName="1.0" >
6
7    <uses-sdk
8        android:minSdkVersion="25"
8-->src/main/AndroidManifest.xml
9        android:targetSdkVersion="29" />
9-->src/main/AndroidManifest.xml
10
11    <uses-permission android:name="android.permission.CAMERA" >
11-->src/main/AndroidManifest.xml:3:3-4:19
11-->src/main/AndroidManifest.xml:3:20-60
12    </uses-permission>
13
14    <application
14-->src/main/AndroidManifest.xml:5:3-14:17
15        android:allowBackup="true"
15-->src/main/AndroidManifest.xml:5:156-182
16        android:appComponentFactory="androidx.core.app.CoreComponentFactory"
16-->[androidx.core:core:1.1.0-rc01] AndroidManifest.xml:24:18-86
17        android:debuggable="true"
18        android:extractNativeLibs="false"
19        android:icon="@mipmap/ic_launcher"
19-->src/main/AndroidManifest.xml:5:121-155
20        android:roundIcon="@mipmap/ic_launcher_round"
20-->src/main/AndroidManifest.xml:5:75-120
21        android:supportsRtl="true"
21-->src/main/AndroidManifest.xml:5:48-74
22        android:theme="@style/AppTheme" >
22-->src/main/AndroidManifest.xml:5:16-47
23        <activity android:name="com.example.quizactivity.MainActivity" >
23-->src/main/AndroidManifest.xml:6:5-13:16
23-->src/main/AndroidManifest.xml:6:15-43
24            <intent-filter>
24-->src/main/AndroidManifest.xml:7:7-12:23
25                <action android:name="android.intent.action.MAIN" >
25-->src/main/AndroidManifest.xml:8:9-9:10
25-->src/main/AndroidManifest.xml:8:17-58
26                </action>
27
28                <category android:name="android.intent.category.LAUNCHER" >
28-->src/main/AndroidManifest.xml:10:9-11:12
28-->src/main/AndroidManifest.xml:10:19-66
29                </category>
30            </intent-filter>
31        </activity>
32
33        <provider
33-->[androidx.camera:camera-camera2:1.0.0-alpha03] AndroidManifest.xml:25:9-30:43
34            android:name="androidx.camera.camera2.impl.Camera2Initializer"
34-->[androidx.camera:camera-camera2:1.0.0-alpha03] AndroidManifest.xml:26:13-75
35            android:authorities="com.example.quizactivity.camerax-init"
35-->[androidx.camera:camera-camera2:1.0.0-alpha03] AndroidManifest.xml:27:13-64
36            android:exported="false"
36-->[androidx.camera:camera-camera2:1.0.0-alpha03] AndroidManifest.xml:28:13-37
37            android:initOrder="100"
37-->[androidx.camera:camera-camera2:1.0.0-alpha03] AndroidManifest.xml:29:13-36
38            android:multiprocess="true" />
38-->[androidx.camera:camera-camera2:1.0.0-alpha03] AndroidManifest.xml:30:13-40
39    </application>
40
41</manifest>